<?xml version="1.0" encoding="UTF-8"?>
<testsuites name="Login Success" time="42.731" tests="4" failures="0" errors="0">
   <testsuite name="Login Success" tests="4" failures="0" errors="0" time="42.731" timestamp="2020-11-12 11:43:26" hostname="ASUS - LAPTOP-0PGQ63H6" id="Test Suites/Login/Login Success">
      <properties>
         <property name="deviceName" value=""/>
         <property name="devicePlatform" value=""/>
         <property name="logFolder" value="C:\\Users\\ASUS\\git\\PijarCorpu-Automation-Web\\Reports\\20201112_114323\\Login\\Login Success\\20201112_114323"/>
         <property name="logFiles" value="C:\\Users\\ASUS\\git\\PijarCorpu-Automation-Web\\Reports\\20201112_114323\\Login\\Login Success\\20201112_114323\\execution0.log"/>
         <property name="attachments" value=""/>
         <property name="hostName" value="ASUS - LAPTOP-0PGQ63H6"/>
         <property name="os" value="Windows 10 64bit"/>
         <property name="katalonVersion" value="7.6.2.205"/>
         <property name="browser" value="Chrome 86.0.4240.183"/>
         <property name="hostAddress" value="192.168.0.108"/>
         <property name="sessionId" value="45a38f84df322d7debf35a5dc43b6f47"/>
         <property name="seleniumVersion" value="3.141.59"/>
         <property name="proxyInformation" value="ProxyInformation { proxyOption=NO_PROXY, proxyServerType=HTTP, username=, password=********, proxyServerAddress=, proxyServerPort=0, executionList=\&quot;\&quot;, isApplyToDesiredCapabilities=true }"/>
         <property name="platform" value="Windows 10"/>
      </properties>
      <testcase name="Test Cases/Login/Positive Case/Login Employee" time="11.715" classname="Test Cases/Login/Positive Case/Login Employee" status="PASSED">
         <system-out><![CDATA[2020-11-12 11:43:26 - [TEST_CASE][PASSED] - Test Cases/Login/Positive Case/Login Employee: Test Cases/Login/Positive Case/Login Employee

2020-11-12 11:43:27 - [TEST_STEP][PASSED] - openBrowser(""): Browser is opened with url: ''

2020-11-12 11:43:27 - [MESSAGE][INFO] - Starting 'Chrome' driver

2020-11-12 11:43:27 - [MESSAGE][INFO] - Action delay is set to 0 milliseconds

2020-11-12 11:43:31 - [MESSAGE][PASSED] - Browser is opened with url: ''

2020-11-12 11:43:31 - [TEST_STEP][PASSED] - navigateToUrl("http://learn-aja-frontend-dev.vsan-apps.playcourt.id/#/login"): Navigate to 'http://learn-aja-frontend-dev.vsan-apps.playcourt.id/#/login' successfully

2020-11-12 11:43:35 - [MESSAGE][PASSED] - Navigate to 'http://learn-aja-frontend-dev.vsan-apps.playcourt.id/#/login' successfully

2020-11-12 11:43:35 - [TEST_STEP][PASSED] - setText(findTestObject("Login/input_Login_username"), "3001"): Text '3001' is set on object 'Object Repository/Login/input_Login_username'

2020-11-12 11:43:36 - [MESSAGE][PASSED] - Text '3001' is set on object 'Object Repository/Login/input_Login_username'

2020-11-12 11:43:36 - [TEST_STEP][PASSED] - setText(findTestObject("Login/input_Login_password"), "Password"): Text 'Password' is set on object 'Object Repository/Login/input_Login_password'

2020-11-12 11:43:37 - [MESSAGE][PASSED] - Text 'Password' is set on object 'Object Repository/Login/input_Login_password'

2020-11-12 11:43:37 - [TEST_STEP][PASSED] - click(findTestObject("Login/button_Login")): Object: 'Object Repository/Login/button_Login' is clicked on

2020-11-12 11:43:37 - [MESSAGE][PASSED] - Object: 'Object Repository/Login/button_Login' is clicked on

2020-11-12 11:43:37 - [TEST_STEP][PASSED] - closeBrowser(): Browser is closed

2020-11-12 11:43:38 - [MESSAGE][PASSED] - Browser is closed]]></system-out>
         <system-err><![CDATA[]]></system-err>
      </testcase>
      <testcase name="Test Cases/Login/Positive Case/Login Management" time="8.831" classname="Test Cases/Login/Positive Case/Login Management" status="PASSED">
         <system-out><![CDATA[2020-11-12 11:43:38 - [TEST_CASE][PASSED] - Test Cases/Login/Positive Case/Login Management: Test Cases/Login/Positive Case/Login Management

2020-11-12 11:43:38 - [TEST_STEP][PASSED] - openBrowser(""): Browser is opened with url: ''

2020-11-12 11:43:38 - [MESSAGE][INFO] - Starting 'Chrome' driver

2020-11-12 11:43:38 - [MESSAGE][INFO] - Action delay is set to 0 milliseconds

2020-11-12 11:43:41 - [MESSAGE][PASSED] - Browser is opened with url: ''

2020-11-12 11:43:41 - [TEST_STEP][PASSED] - navigateToUrl("http://learn-aja-frontend-dev.vsan-apps.playcourt.id/#/login"): Navigate to 'http://learn-aja-frontend-dev.vsan-apps.playcourt.id/#/login' successfully

2020-11-12 11:43:44 - [MESSAGE][PASSED] - Navigate to 'http://learn-aja-frontend-dev.vsan-apps.playcourt.id/#/login' successfully

2020-11-12 11:43:44 - [TEST_STEP][PASSED] - setText(findTestObject("Login/input_Login_username"), "4001"): Text '4001' is set on object 'Object Repository/Login/input_Login_username'

2020-11-12 11:43:45 - [MESSAGE][PASSED] - Text '4001' is set on object 'Object Repository/Login/input_Login_username'

2020-11-12 11:43:45 - [TEST_STEP][PASSED] - setText(findTestObject("Login/input_Login_password"), "Password"): Text 'Password' is set on object 'Object Repository/Login/input_Login_password'

2020-11-12 11:43:46 - [MESSAGE][PASSED] - Text 'Password' is set on object 'Object Repository/Login/input_Login_password'

2020-11-12 11:43:46 - [TEST_STEP][PASSED] - click(findTestObject("Login/button_Login")): Object: 'Object Repository/Login/button_Login' is clicked on

2020-11-12 11:43:46 - [MESSAGE][PASSED] - Object: 'Object Repository/Login/button_Login' is clicked on

2020-11-12 11:43:46 - [TEST_STEP][PASSED] - closeBrowser(): Browser is closed

2020-11-12 11:43:47 - [MESSAGE][PASSED] - Browser is closed]]></system-out>
         <system-err><![CDATA[]]></system-err>
      </testcase>
      <testcase name="Test Cases/Login/Positive Case/Login HC" time="8.398" classname="Test Cases/Login/Positive Case/Login HC" status="PASSED">
         <system-out><![CDATA[2020-11-12 11:43:47 - [TEST_CASE][PASSED] - Test Cases/Login/Positive Case/Login HC: Test Cases/Login/Positive Case/Login HC

2020-11-12 11:43:47 - [TEST_STEP][PASSED] - openBrowser(""): Browser is opened with url: ''

2020-11-12 11:43:47 - [MESSAGE][INFO] - Starting 'Chrome' driver

2020-11-12 11:43:47 - [MESSAGE][INFO] - Action delay is set to 0 milliseconds

2020-11-12 11:43:50 - [MESSAGE][PASSED] - Browser is opened with url: ''

2020-11-12 11:43:50 - [TEST_STEP][PASSED] - navigateToUrl("http://learn-aja-frontend-dev.vsan-apps.playcourt.id/#/login"): Navigate to 'http://learn-aja-frontend-dev.vsan-apps.playcourt.id/#/login' successfully

2020-11-12 11:43:52 - [MESSAGE][PASSED] - Navigate to 'http://learn-aja-frontend-dev.vsan-apps.playcourt.id/#/login' successfully

2020-11-12 11:43:52 - [TEST_STEP][PASSED] - setText(findTestObject("Login/input_Login_username"), "2001"): Text '2001' is set on object 'Object Repository/Login/input_Login_username'

2020-11-12 11:43:53 - [MESSAGE][PASSED] - Text '2001' is set on object 'Object Repository/Login/input_Login_username'

2020-11-12 11:43:53 - [TEST_STEP][PASSED] - setText(findTestObject("Login/input_Login_password"), "Password"): Text 'Password' is set on object 'Object Repository/Login/input_Login_password'

2020-11-12 11:43:54 - [MESSAGE][PASSED] - Text 'Password' is set on object 'Object Repository/Login/input_Login_password'

2020-11-12 11:43:54 - [TEST_STEP][PASSED] - click(findTestObject("Login/button_Login")): Object: 'Object Repository/Login/button_Login' is clicked on

2020-11-12 11:43:54 - [MESSAGE][PASSED] - Object: 'Object Repository/Login/button_Login' is clicked on

2020-11-12 11:43:54 - [TEST_STEP][PASSED] - closeBrowser(): Browser is closed

2020-11-12 11:43:55 - [MESSAGE][PASSED] - Browser is closed]]></system-out>
         <system-err><![CDATA[]]></system-err>
      </testcase>
      <testcase name="Test Cases/Login/Positive Case/Login Admin" time="8.088" classname="Test Cases/Login/Positive Case/Login Admin" status="PASSED">
         <system-out><![CDATA[2020-11-12 11:43:55 - [TEST_CASE][PASSED] - Test Cases/Login/Positive Case/Login Admin: Test Cases/Login/Positive Case/Login Admin

2020-11-12 11:43:55 - [TEST_STEP][PASSED] - openBrowser(""): Browser is opened with url: ''

2020-11-12 11:43:55 - [MESSAGE][INFO] - Starting 'Chrome' driver

2020-11-12 11:43:55 - [MESSAGE][INFO] - Action delay is set to 0 milliseconds

2020-11-12 11:43:59 - [MESSAGE][PASSED] - Browser is opened with url: ''

2020-11-12 11:43:59 - [TEST_STEP][PASSED] - navigateToUrl("http://learn-aja-frontend-dev.vsan-apps.playcourt.id/#/login"): Navigate to 'http://learn-aja-frontend-dev.vsan-apps.playcourt.id/#/login' successfully

2020-11-12 11:44:00 - [MESSAGE][PASSED] - Navigate to 'http://learn-aja-frontend-dev.vsan-apps.playcourt.id/#/login' successfully

2020-11-12 11:44:01 - [TEST_STEP][PASSED] - setText(findTestObject("Login/input_Login_username"), "1001"): Text '1001' is set on object 'Object Repository/Login/input_Login_username'

2020-11-12 11:44:01 - [MESSAGE][PASSED] - Text '1001' is set on object 'Object Repository/Login/input_Login_username'

2020-11-12 11:44:01 - [TEST_STEP][PASSED] - setText(findTestObject("Login/input_Login_password"), "Password"): Text 'Password' is set on object 'Object Repository/Login/input_Login_password'

2020-11-12 11:44:02 - [MESSAGE][PASSED] - Text 'Password' is set on object 'Object Repository/Login/input_Login_password'

2020-11-12 11:44:02 - [TEST_STEP][PASSED] - click(findTestObject("Login/button_Login")): Object: 'Object Repository/Login/button_Login' is clicked on

2020-11-12 11:44:02 - [MESSAGE][PASSED] - Object: 'Object Repository/Login/button_Login' is clicked on

2020-11-12 11:44:02 - [TEST_STEP][PASSED] - closeBrowser(): Browser is closed

2020-11-12 11:44:03 - [MESSAGE][PASSED] - Browser is closed]]></system-out>
         <system-err><![CDATA[]]></system-err>
      </testcase>
      <system-out><![CDATA[2020-11-12 11:43:26 - [TEST_SUITE][PASSED] - Login Success: Test Cases/Login/Positive Case/Login Admin]]></system-out>
      <system-err><![CDATA[]]></system-err>
   </testsuite>
</testsuites>
