<?xml version="1.0" encoding="UTF-8"?>
<testsuites name="Login Failed" time="28.275" tests="3" failures="0" errors="0">
   <testsuite name="Login Failed" tests="3" failures="0" errors="0" time="28.275" timestamp="2020-11-11 18:06:56" hostname="ASUS - LAPTOP-0PGQ63H6" id="Test Suites/Login/Login Failed">
      <properties>
         <property name="deviceName" value=""/>
         <property name="devicePlatform" value=""/>
         <property name="logFolder" value="C:\\Users\\ASUS\\git\\PijarCorpu-Automation-Web\\Reports\\20201111_180654\\Login\\Login Failed\\20201111_180654"/>
         <property name="logFiles" value="C:\\Users\\ASUS\\git\\PijarCorpu-Automation-Web\\Reports\\20201111_180654\\Login\\Login Failed\\20201111_180654\\execution0.log"/>
         <property name="attachments" value=""/>
         <property name="hostName" value="ASUS - LAPTOP-0PGQ63H6"/>
         <property name="os" value="Windows 10 64bit"/>
         <property name="katalonVersion" value="7.6.2.205"/>
         <property name="browser" value="Chrome 86.0.4240.183"/>
         <property name="hostAddress" value="192.168.0.108"/>
         <property name="sessionId" value="5b449245c3e0850bc52d78ab13e5db7d"/>
         <property name="seleniumVersion" value="3.141.59"/>
         <property name="proxyInformation" value="ProxyInformation { proxyOption=NO_PROXY, proxyServerType=HTTP, username=, password=********, proxyServerAddress=, proxyServerPort=0, executionList=\&quot;\&quot;, isApplyToDesiredCapabilities=true }"/>
         <property name="platform" value="Windows 10"/>
      </properties>
      <testcase name="Test Cases/Login/Negative Case/Login Data Kosong" time="10.179" classname="Test Cases/Login/Negative Case/Login Data Kosong" status="PASSED">
         <system-out><![CDATA[2020-11-11 18:06:56 - [TEST_CASE][PASSED] - Test Cases/Login/Negative Case/Login Data Kosong: Test Cases/Login/Negative Case/Login Data Kosong

2020-11-11 18:06:57 - [TEST_STEP][PASSED] - openBrowser(""): Browser is opened with url: ''

2020-11-11 18:06:57 - [MESSAGE][INFO] - Starting 'Chrome' driver

2020-11-11 18:06:57 - [MESSAGE][INFO] - Action delay is set to 0 milliseconds

2020-11-11 18:07:01 - [MESSAGE][PASSED] - Browser is opened with url: ''

2020-11-11 18:07:01 - [TEST_STEP][PASSED] - navigateToUrl("http://learn-aja-frontend-dev.vsan-apps.playcourt.id/#/login"): Navigate to 'http://learn-aja-frontend-dev.vsan-apps.playcourt.id/#/login' successfully

2020-11-11 18:07:02 - [MESSAGE][PASSED] - Navigate to 'http://learn-aja-frontend-dev.vsan-apps.playcourt.id/#/login' successfully

2020-11-11 18:07:02 - [TEST_STEP][PASSED] - setText(findTestObject("Login/input_Login_username"), ""): Text '' is set on object 'Object Repository/Login/input_Login_username'

2020-11-11 18:07:02 - [MESSAGE][PASSED] - Text '' is set on object 'Object Repository/Login/input_Login_username'

2020-11-11 18:07:02 - [TEST_STEP][PASSED] - setText(findTestObject("Login/input_Login_password"), ""): Text '' is set on object 'Object Repository/Login/input_Login_password'

2020-11-11 18:07:03 - [MESSAGE][PASSED] - Text '' is set on object 'Object Repository/Login/input_Login_password'

2020-11-11 18:07:03 - [TEST_STEP][PASSED] - click(findTestObject("Login/button_Login")): Object: 'Object Repository/Login/button_Login' is clicked on

2020-11-11 18:07:04 - [MESSAGE][PASSED] - Object: 'Object Repository/Login/button_Login' is clicked on

2020-11-11 18:07:04 - [TEST_STEP][PASSED] - delay(2): Delayed 2 second(s)

2020-11-11 18:07:06 - [MESSAGE][PASSED] - Delayed 2 second(s)

2020-11-11 18:07:06 - [TEST_STEP][PASSED] - click(findTestObject("Login/a_Dismiss")): Object: 'Object Repository/Login/a_Dismiss' is clicked on

2020-11-11 18:07:06 - [MESSAGE][PASSED] - Object: 'Object Repository/Login/a_Dismiss' is clicked on

2020-11-11 18:07:06 - [TEST_STEP][PASSED] - closeBrowser(): Browser is closed

2020-11-11 18:07:07 - [MESSAGE][PASSED] - Browser is closed]]></system-out>
         <system-err><![CDATA[]]></system-err>
      </testcase>
      <testcase name="Test Cases/Login/Negative Case/Login Username Tidak Ada Di Database" time="8.802" classname="Test Cases/Login/Negative Case/Login Username Tidak Ada Di Database" status="PASSED">
         <system-out><![CDATA[2020-11-11 18:07:07 - [TEST_CASE][PASSED] - Test Cases/Login/Negative Case/Login Username Tidak Ada Di Database: Test Cases/Login/Negative Case/Login Username Tidak Ada Di Database

2020-11-11 18:07:07 - [TEST_STEP][PASSED] - openBrowser(""): Browser is opened with url: ''

2020-11-11 18:07:07 - [MESSAGE][INFO] - Starting 'Chrome' driver

2020-11-11 18:07:07 - [MESSAGE][INFO] - Action delay is set to 0 milliseconds

2020-11-11 18:07:10 - [MESSAGE][PASSED] - Browser is opened with url: ''

2020-11-11 18:07:10 - [TEST_STEP][PASSED] - navigateToUrl("http://learn-aja-frontend-dev.vsan-apps.playcourt.id/#/login"): Navigate to 'http://learn-aja-frontend-dev.vsan-apps.playcourt.id/#/login' successfully

2020-11-11 18:07:11 - [MESSAGE][PASSED] - Navigate to 'http://learn-aja-frontend-dev.vsan-apps.playcourt.id/#/login' successfully

2020-11-11 18:07:11 - [TEST_STEP][PASSED] - setText(findTestObject("Login/input_Login_username"), "9000"): Text '9000' is set on object 'Object Repository/Login/input_Login_username'

2020-11-11 18:07:11 - [MESSAGE][PASSED] - Text '9000' is set on object 'Object Repository/Login/input_Login_username'

2020-11-11 18:07:11 - [TEST_STEP][PASSED] - setText(findTestObject("Login/input_Login_password"), "Password"): Text 'Password' is set on object 'Object Repository/Login/input_Login_password'

2020-11-11 18:07:12 - [MESSAGE][PASSED] - Text 'Password' is set on object 'Object Repository/Login/input_Login_password'

2020-11-11 18:07:12 - [TEST_STEP][PASSED] - click(findTestObject("Login/button_Login")): Object: 'Object Repository/Login/button_Login' is clicked on

2020-11-11 18:07:12 - [MESSAGE][PASSED] - Object: 'Object Repository/Login/button_Login' is clicked on

2020-11-11 18:07:12 - [TEST_STEP][PASSED] - delay(2): Delayed 2 second(s)

2020-11-11 18:07:14 - [MESSAGE][PASSED] - Delayed 2 second(s)

2020-11-11 18:07:14 - [TEST_STEP][PASSED] - click(findTestObject("Login/a_Dismiss")): Object: 'Object Repository/Login/a_Dismiss' is clicked on

2020-11-11 18:07:15 - [MESSAGE][PASSED] - Object: 'Object Repository/Login/a_Dismiss' is clicked on

2020-11-11 18:07:15 - [TEST_STEP][PASSED] - closeBrowser(): Browser is closed

2020-11-11 18:07:15 - [MESSAGE][PASSED] - Browser is closed]]></system-out>
         <system-err><![CDATA[]]></system-err>
      </testcase>
      <testcase name="Test Cases/Login/Negative Case/Login Password Tidak Sama Dengan Di Database" time="8.744" classname="Test Cases/Login/Negative Case/Login Password Tidak Sama Dengan Di Database" status="PASSED">
         <system-out><![CDATA[2020-11-11 18:07:15 - [TEST_CASE][PASSED] - Test Cases/Login/Negative Case/Login Password Tidak Sama Dengan Di Database: Test Cases/Login/Negative Case/Login Password Tidak Sama Dengan Di Database

2020-11-11 18:07:16 - [TEST_STEP][PASSED] - openBrowser(""): Browser is opened with url: ''

2020-11-11 18:07:16 - [MESSAGE][INFO] - Starting 'Chrome' driver

2020-11-11 18:07:16 - [MESSAGE][INFO] - Action delay is set to 0 milliseconds

2020-11-11 18:07:19 - [MESSAGE][PASSED] - Browser is opened with url: ''

2020-11-11 18:07:19 - [TEST_STEP][PASSED] - navigateToUrl("http://learn-aja-frontend-dev.vsan-apps.playcourt.id/#/login"): Navigate to 'http://learn-aja-frontend-dev.vsan-apps.playcourt.id/#/login' successfully

2020-11-11 18:07:19 - [MESSAGE][PASSED] - Navigate to 'http://learn-aja-frontend-dev.vsan-apps.playcourt.id/#/login' successfully

2020-11-11 18:07:19 - [TEST_STEP][PASSED] - setText(findTestObject("Login/input_Login_username"), "3001"): Text '3001' is set on object 'Object Repository/Login/input_Login_username'

2020-11-11 18:07:20 - [MESSAGE][PASSED] - Text '3001' is set on object 'Object Repository/Login/input_Login_username'

2020-11-11 18:07:20 - [TEST_STEP][PASSED] - setText(findTestObject("Login/input_Login_password"), "pass"): Text 'pass' is set on object 'Object Repository/Login/input_Login_password'

2020-11-11 18:07:21 - [MESSAGE][PASSED] - Text 'pass' is set on object 'Object Repository/Login/input_Login_password'

2020-11-11 18:07:21 - [TEST_STEP][PASSED] - click(findTestObject("Login/button_Login")): Object: 'Object Repository/Login/button_Login' is clicked on

2020-11-11 18:07:21 - [MESSAGE][PASSED] - Object: 'Object Repository/Login/button_Login' is clicked on

2020-11-11 18:07:21 - [TEST_STEP][PASSED] - delay(2): Delayed 2 second(s)

2020-11-11 18:07:23 - [MESSAGE][PASSED] - Delayed 2 second(s)

2020-11-11 18:07:23 - [TEST_STEP][PASSED] - click(findTestObject("Login/a_Dismiss")): Object: 'Object Repository/Login/a_Dismiss' is clicked on

2020-11-11 18:07:24 - [MESSAGE][PASSED] - Object: 'Object Repository/Login/a_Dismiss' is clicked on

2020-11-11 18:07:24 - [TEST_STEP][PASSED] - closeBrowser(): Browser is closed

2020-11-11 18:07:24 - [MESSAGE][PASSED] - Browser is closed]]></system-out>
         <system-err><![CDATA[]]></system-err>
      </testcase>
      <system-out><![CDATA[2020-11-11 18:06:56 - [TEST_SUITE][PASSED] - Login Failed: Test Cases/Login/Negative Case/Login Password Tidak Sama Dengan Di Database]]></system-out>
      <system-err><![CDATA[]]></system-err>
   </testsuite>
</testsuites>
